30-10-2021 15:15:51.570 [Gauge] [INFO] Initializing concepts cache with 0 concepts
30-10-2021 15:15:51.572 [Gauge] [INFO] Initializing specs cache with 1 specs
30-10-2021 15:15:51.572 [Gauge] [DEBUG] Adding specs from C:\Users\testinium\IdeaProjects\odev2doruk\specs\example.spec
30-10-2021 15:15:51.572 [Gauge] [INFO] Initializing steps cache with 1 steps
30-10-2021 15:15:51.572 [Gauge] [INFO] Gauge daemon initialized and listening on port: 64708
30-10-2021 15:15:51.573 [Gauge] [DEBUG] Watching directory: C:\Users\testinium\IdeaProjects\odev2doruk\specs
30-10-2021 15:15:51.573 [Gauge] [DEBUG] Found 1 files
30-10-2021 15:15:51.857 [Gauge] [DEBUG] Api Request Received: messageType:GetLanguagePluginLibPathRequest  messageId:5  libPathRequest:{language:"java"}
30-10-2021 15:15:51.859 [Gauge] [DEBUG] Sending API response: messageType:GetLanguagePluginLibPathResponse  messageId:5  libPathResponse:{path:"C:\\Users\\testinium\\AppData\\Roaming\\gauge\\plugins\\java\\0.7.15\\libs"}
30-10-2021 15:16:03.958 [Gauge] [INFO] Initializing concepts cache with 0 concepts
30-10-2021 15:16:03.959 [Gauge] [INFO] Initializing specs cache with 1 specs
30-10-2021 15:16:03.959 [Gauge] [DEBUG] Adding specs from C:\Users\testinium\IdeaProjects\odev2doruk\specs\example.spec
30-10-2021 15:16:03.959 [Gauge] [INFO] Initializing steps cache with 1 steps
30-10-2021 15:16:03.959 [Gauge] [INFO] Gauge daemon initialized and listening on port: 64720
30-10-2021 15:16:03.961 [Gauge] [DEBUG] Watching directory: C:\Users\testinium\IdeaProjects\odev2doruk\specs
30-10-2021 15:16:03.961 [Gauge] [DEBUG] Found 1 files
30-10-2021 16:52:02.006 [Gauge] [DEBUG] Spec file added / modified: C:\Users\testinium\IdeaProjects\odev2doruk\specs\example.spec
30-10-2021 16:52:18.399 [Gauge] [DEBUG] Spec file removed: C:\Users\testinium\IdeaProjects\odev2doruk\specs\example.spec
30-10-2021 16:52:56.052 [Gauge] [DEBUG] Concept file added / modified: C:\Users\testinium\IdeaProjects\odev2doruk\specs\Adımlar.cpt
30-10-2021 16:52:56.219 [Gauge] [DEBUG] Concept file added / modified: C:\Users\testinium\IdeaProjects\odev2doruk\specs\Adımlar.cpt
30-10-2021 16:52:56.318 [Gauge] [DEBUG] Concept file added / modified: C:\Users\testinium\IdeaProjects\odev2doruk\specs\Adımlar.cpt
30-10-2021 16:52:57.527 [Gauge] [DEBUG] Api Request Received: messageType:GetStepValueRequest  messageId:4  stepValueRequest:{stepText:"step1"}
30-10-2021 16:52:57.528 [Gauge] [DEBUG] Sending API response: messageType:GetStepValueResponse  messageId:4  stepValueResponse:{stepValue:{stepValue:"step1"  parameterizedStepValue:"step1"}}
30-10-2021 16:52:57.921 [Gauge] [DEBUG] Api Request Received: messageType:GetStepValueRequest  messageId:4  stepValueRequest:{stepText:"Go to Gauge Get Started Page"}
30-10-2021 16:52:57.921 [Gauge] [DEBUG] Sending API response: messageType:GetStepValueResponse  messageId:4  stepValueResponse:{stepValue:{stepValue:"Go to Gauge Get Started Page"  parameterizedStepValue:"Go to Gauge Get Started Page"}}
30-10-2021 16:52:57.922 [Gauge] [DEBUG] Api Request Received: messageType:GetStepValueRequest  messageId:4  stepValueRequest:{stepText:"Ensure installation instructions are available"}
30-10-2021 16:52:57.922 [Gauge] [DEBUG] Sending API response: messageType:GetStepValueResponse  messageId:4  stepValueResponse:{stepValue:{stepValue:"Ensure installation instructions are available"  parameterizedStepValue:"Ensure installation instructions are available"}}
30-10-2021 16:52:57.922 [Gauge] [DEBUG] Api Request Received: messageType:GetStepValueRequest  messageId:4  stepValueRequest:{stepText:"Open the Gauge homepage"}
30-10-2021 16:52:57.922 [Gauge] [DEBUG] Sending API response: messageType:GetStepValueResponse  messageId:4  stepValueResponse:{stepValue:{stepValue:"Open the Gauge homepage"  parameterizedStepValue:"Open the Gauge homepage"}}
30-10-2021 16:52:58.168 [Gauge] [DEBUG] Api Request Received: messageType:GetStepValueRequest  messageId:4  stepValueRequest:{stepText:" Concept Heading"}
30-10-2021 16:52:58.168 [Gauge] [DEBUG] Sending API response: messageType:GetStepValueResponse  messageId:4  stepValueResponse:{stepValue:{stepValue:"Concept Heading"  parameterizedStepValue:"Concept Heading"}}
30-10-2021 16:52:58.240 [Gauge] [DEBUG] Api Request Received: messageType:GetStepValueRequest  messageId:4  stepValueRequest:{stepText:"step2"}
30-10-2021 16:52:58.241 [Gauge] [DEBUG] Sending API response: messageType:GetStepValueResponse  messageId:4  stepValueResponse:{stepValue:{stepValue:"step2"  parameterizedStepValue:"step2"}}
30-10-2021 16:53:38.458 [Gauge] [DEBUG] Api Request Received: messageType:GetStepValueRequest  messageId:4  stepValueRequest:{stepText:"\"3\" saniye bekle"}
30-10-2021 16:53:38.461 [Gauge] [DEBUG] Sending API response: messageType:GetStepValueResponse  messageId:4  stepValueResponse:{stepValue:{stepValue:"{} saniye bekle"  parameterizedStepValue:"<3> saniye bekle"  parameters:"3"}}
30-10-2021 16:53:38.631 [Gauge] [DEBUG] Api Request Received: messageType:GetStepValueRequest  messageId:4  stepValueRequest:{stepText:" Alışverişe Başla"}
30-10-2021 16:53:38.632 [Gauge] [DEBUG] Sending API response: messageType:GetStepValueResponse  messageId:4  stepValueResponse:{stepValue:{stepValue:"Alışverişe Başla"  parameterizedStepValue:"Alışverişe Başla"}}
30-10-2021 16:53:38.632 [Gauge] [DEBUG] Api Request Received: messageType:GetStepValueRequest  messageId:4  stepValueRequest:{stepText:" Kadın kategorisinde pantolon sayfasına git"}
30-10-2021 16:53:38.632 [Gauge] [DEBUG] Sending API response: messageType:GetStepValueResponse  messageId:4  stepValueResponse:{stepValue:{stepValue:"Kadın kategorisinde pantolon sayfasına git"  parameterizedStepValue:"Kadın kategorisinde pantolon sayfasına git"}}
30-10-2021 16:53:38.632 [Gauge] [DEBUG] Api Request Received: messageType:GetStepValueRequest  messageId:4  stepValueRequest:{stepText:" İki defa scroll et ve rastgele bir ürün seç"}
30-10-2021 16:53:38.632 [Gauge] [DEBUG] Sending API response: messageType:GetStepValueResponse  messageId:4  stepValueResponse:{stepValue:{stepValue:"İki defa scroll et ve rastgele bir ürün seç"  parameterizedStepValue:"İki defa scroll et ve rastgele bir ürün seç"}}
30-10-2021 16:53:38.633 [Gauge] [DEBUG] Api Request Received: messageType:GetStepValueRequest  messageId:4  stepValueRequest:{stepText:" Login sayfasında işlemleri yap"}
30-10-2021 16:53:38.633 [Gauge] [DEBUG] Sending API response: messageType:GetStepValueResponse  messageId:4  stepValueResponse:{stepValue:{stepValue:"Login sayfasında işlemleri yap"  parameterizedStepValue:"Login sayfasında işlemleri yap"}}
30-10-2021 16:53:38.633 [Gauge] [DEBUG] Api Request Received: messageType:GetStepValueRequest  messageId:4  stepValueRequest:{stepText:" İki defa geri git"}
30-10-2021 16:53:38.633 [Gauge] [DEBUG] Sending API response: messageType:GetStepValueResponse  messageId:4  stepValueResponse:{stepValue:{stepValue:"İki defa geri git"  parameterizedStepValue:"İki defa geri git"}}
30-10-2021 16:53:38.633 [Gauge] [DEBUG] Api Request Received: messageType:GetStepValueRequest  messageId:4  stepValueRequest:{stepText:" Rastgele bir ürün seç ve sepete ekle"}
30-10-2021 16:53:38.633 [Gauge] [DEBUG] Sending API response: messageType:GetStepValueResponse  messageId:4  stepValueResponse:{stepValue:{stepValue:"Rastgele bir ürün seç ve sepete ekle"  parameterizedStepValue:"Rastgele bir ürün seç ve sepete ekle"}}
30-10-2021 16:53:38.743 [Gauge] [DEBUG] Api Request Received: messageType:GetStepValueRequest  messageId:4  stepValueRequest:{stepText:"\"1\" saniye bekle"}
30-10-2021 16:53:38.744 [Gauge] [DEBUG] Sending API response: messageType:GetStepValueResponse  messageId:4  stepValueResponse:{stepValue:{stepValue:"{} saniye bekle"  parameterizedStepValue:"<1> saniye bekle"  parameters:"1"}}
30-10-2021 16:53:38.897 [Gauge] [DEBUG] Api Request Received: messageType:GetStepValueRequest  messageId:4  stepValueRequest:{stepText:"\"//android.widget.ImageView[@resource-id='com.ozdilek.ozdilekteyim:id/imageView']\" xpath'te bulunan sayfada görünen tüm ürünleri bul ve rastgele bir ürüne tıkla"}
30-10-2021 16:53:38.897 [Gauge] [DEBUG] Sending API response: messageType:GetStepValueResponse  messageId:4  stepValueResponse:{stepValue:{stepValue:"{} xpath'te bulunan sayfada görünen tüm ürünleri bul ve rastgele bir ürüne tıkla"  parameterizedStepValue:"<//android.widget.ImageView[@resource-id='com.ozdilek.ozdilekteyim:id/imageView']> xpath'te bulunan sayfada görünen tüm ürünleri bul ve rastgele bir ürüne tıkla"  parameters:"//android.widget.ImageView[@resource-id='com.ozdilek.ozdilekteyim:id/imageView']"}}
30-10-2021 16:53:41.247 [Gauge] [DEBUG] Api Request Received: messageType:GetStepValueRequest  messageId:4  stepValueRequest:{stepText:"Product detail sayfası doğrulama"}
30-10-2021 16:53:41.247 [Gauge] [DEBUG] Sending API response: messageType:GetStepValueResponse  messageId:4  stepValueResponse:{stepValue:{stepValue:"Product detail sayfası doğrulama"  parameterizedStepValue:"Product detail sayfası doğrulama"}}
30-10-2021 16:53:41.422 [Gauge] [DEBUG] Api Request Received: messageType:GetStepValueRequest  messageId:4  stepValueRequest:{stepText:"\"com.ozdilek.ozdilekteyim:id/imgFav\" İd'li elemente tıkla"}
30-10-2021 16:53:41.422 [Gauge] [DEBUG] Sending API response: messageType:GetStepValueResponse  messageId:4  stepValueResponse:{stepValue:{stepValue:"{} İd'li elemente tıkla"  parameterizedStepValue:"<com.ozdilek.ozdilekteyim:id/imgFav> İd'li elemente tıkla"  parameters:"com.ozdilek.ozdilekteyim:id/imgFav"}}
30-10-2021 16:53:41.535 [Gauge] [DEBUG] Api Request Received: messageType:GetStepValueRequest  messageId:4  stepValueRequest:{stepText:"Login page doğrulama"}
30-10-2021 16:53:41.535 [Gauge] [DEBUG] Sending API response: messageType:GetStepValueResponse  messageId:4  stepValueResponse:{stepValue:{stepValue:"Login page doğrulama"  parameterizedStepValue:"Login page doğrulama"}}
30-10-2021 16:53:42.528 [Gauge] [DEBUG] Api Request Received: messageType:GetStepValueRequest  messageId:4  stepValueRequest:{stepText:"\"com.ozdilek.ozdilekteyim:id/etEposta\" İd'li elemente \"text\" değerini yaz"}
30-10-2021 16:53:42.528 [Gauge] [DEBUG] Sending API response: messageType:GetStepValueResponse  messageId:4  stepValueResponse:{stepValue:{stepValue:"{} İd'li elemente {} değerini yaz"  parameterizedStepValue:"<com.ozdilek.ozdilekteyim:id/etEposta> İd'li elemente <text> değerini yaz"  parameters:"com.ozdilek.ozdilekteyim:id/etEposta"  parameters:"text"}}
30-10-2021 16:53:42.831 [Gauge] [DEBUG] Api Request Received: messageType:GetStepValueRequest  messageId:4  stepValueRequest:{stepText:"\"com.ozdilek.ozdilekteyim:id/etPassword\" İd'li elemente \"sifre\" değerini yaz"}
30-10-2021 16:53:42.832 [Gauge] [DEBUG] Sending API response: messageType:GetStepValueResponse  messageId:4  stepValueResponse:{stepValue:{stepValue:"{} İd'li elemente {} değerini yaz"  parameterizedStepValue:"<com.ozdilek.ozdilekteyim:id/etPassword> İd'li elemente <sifre> değerini yaz"  parameters:"com.ozdilek.ozdilekteyim:id/etPassword"  parameters:"sifre"}}
30-10-2021 16:53:45.278 [Gauge] [DEBUG] Api Request Received: messageType:GetStepValueRequest  messageId:4  stepValueRequest:{stepText:"\"com.ozdilek.ozdilekteyim:id/ivBack\" İd'li elemente tıkla"}
30-10-2021 16:53:45.278 [Gauge] [DEBUG] Sending API response: messageType:GetStepValueResponse  messageId:4  stepValueResponse:{stepValue:{stepValue:"{} İd'li elemente tıkla"  parameterizedStepValue:"<com.ozdilek.ozdilekteyim:id/ivBack> İd'li elemente tıkla"  parameters:"com.ozdilek.ozdilekteyim:id/ivBack"}}
30-10-2021 16:53:46.058 [Gauge] [DEBUG] Api Request Received: messageType:GetStepValueRequest  messageId:4  stepValueRequest:{stepText:"Sepete ekle"}
30-10-2021 16:53:46.058 [Gauge] [DEBUG] Sending API response: messageType:GetStepValueResponse  messageId:4  stepValueResponse:{stepValue:{stepValue:"Sepete ekle"  parameterizedStepValue:"Sepete ekle"}}
30-10-2021 16:53:46.173 [Gauge] [DEBUG] Api Request Received: messageType:GetStepValueRequest  messageId:4  stepValueRequest:{stepText:"\"2\" saniye bekle"}
30-10-2021 16:53:46.173 [Gauge] [DEBUG] Sending API response: messageType:GetStepValueResponse  messageId:4  stepValueResponse:{stepValue:{stepValue:"{} saniye bekle"  parameterizedStepValue:"<2> saniye bekle"  parameters:"2"}}
30-10-2021 16:53:46.298 [Gauge] [DEBUG] Api Request Received: messageType:GetStepValueRequest  messageId:4  stepValueRequest:{stepText:"Açılış Sayfası Kontrol"}
30-10-2021 16:53:46.298 [Gauge] [DEBUG] Sending API response: messageType:GetStepValueResponse  messageId:4  stepValueResponse:{stepValue:{stepValue:"Açılış Sayfası Kontrol"  parameterizedStepValue:"Açılış Sayfası Kontrol"}}
30-10-2021 16:53:46.394 [Gauge] [DEBUG] Api Request Received: messageType:GetStepValueRequest  messageId:4  stepValueRequest:{stepText:"\"com.ozdilek.ozdilekteyim:id/tv_startShoppingStore\" İd'li elemente tıkla"}
30-10-2021 16:53:46.395 [Gauge] [DEBUG] Sending API response: messageType:GetStepValueResponse  messageId:4  stepValueResponse:{stepValue:{stepValue:"{} İd'li elemente tıkla"  parameterizedStepValue:"<com.ozdilek.ozdilekteyim:id/tv_startShoppingStore> İd'li elemente tıkla"  parameters:"com.ozdilek.ozdilekteyim:id/tv_startShoppingStore"}}
30-10-2021 16:53:46.908 [Gauge] [DEBUG] Api Request Received: messageType:GetStepValueRequest  messageId:4  stepValueRequest:{stepText:"Alışveriş Sayfası Doğrula"}
30-10-2021 16:53:46.908 [Gauge] [DEBUG] Sending API response: messageType:GetStepValueResponse  messageId:4  stepValueResponse:{stepValue:{stepValue:"Alışveriş Sayfası Doğrula"  parameterizedStepValue:"Alışveriş Sayfası Doğrula"}}
30-10-2021 16:53:46.987 [Gauge] [DEBUG] Api Request Received: messageType:GetStepValueRequest  messageId:4  stepValueRequest:{stepText:"\"com.ozdilek.ozdilekteyim:id/nav_categories\" İd'li elemente tıkla"}
30-10-2021 16:53:46.987 [Gauge] [DEBUG] Sending API response: messageType:GetStepValueResponse  messageId:4  stepValueResponse:{stepValue:{stepValue:"{} İd'li elemente tıkla"  parameterizedStepValue:"<com.ozdilek.ozdilekteyim:id/nav_categories> İd'li elemente tıkla"  parameters:"com.ozdilek.ozdilekteyim:id/nav_categories"}}
30-10-2021 16:53:47.193 [Gauge] [DEBUG] Api Request Received: messageType:GetStepValueRequest  messageId:4  stepValueRequest:{stepText:"Kategori Sayfası Kontrol"}
30-10-2021 16:53:47.194 [Gauge] [DEBUG] Sending API response: messageType:GetStepValueResponse  messageId:4  stepValueResponse:{stepValue:{stepValue:"Kategori Sayfası Kontrol"  parameterizedStepValue:"Kategori Sayfası Kontrol"}}
30-10-2021 16:53:47.306 [Gauge] [DEBUG] Api Request Received: messageType:GetStepValueRequest  messageId:4  stepValueRequest:{stepText:"\"//android.widget.RelativeLayout[@index=1]\" xpath'li elemente tıkla"}
30-10-2021 16:53:47.306 [Gauge] [DEBUG] Sending API response: messageType:GetStepValueResponse  messageId:4  stepValueResponse:{stepValue:{stepValue:"{} xpath'li elemente tıkla"  parameterizedStepValue:"<//android.widget.RelativeLayout[@index=1]> xpath'li elemente tıkla"  parameters:"//android.widget.RelativeLayout[@index=1]"}}
30-10-2021 16:53:48.038 [Gauge] [DEBUG] Api Request Received: messageType:GetStepValueRequest  messageId:4  stepValueRequest:{stepText:"\"//android.widget.TextView[@text='Pantolon']\" xpath'li elemente tıkla"}
30-10-2021 16:53:48.043 [Gauge] [DEBUG] Sending API response: messageType:GetStepValueResponse  messageId:4  stepValueResponse:{stepValue:{stepValue:"{} xpath'li elemente tıkla"  parameterizedStepValue:"<//android.widget.TextView[@text='Pantolon']> xpath'li elemente tıkla"  parameters:"//android.widget.TextView[@text='Pantolon']"}}
30-10-2021 16:53:48.168 [Gauge] [DEBUG] Api Request Received: messageType:GetStepValueRequest  messageId:4  stepValueRequest:{stepText:"sayfa boyunca scroll et"}
30-10-2021 16:53:48.168 [Gauge] [DEBUG] Sending API response: messageType:GetStepValueResponse  messageId:4  stepValueResponse:{stepValue:{stepValue:"sayfa boyunca scroll et"  parameterizedStepValue:"sayfa boyunca scroll et"}}
30-10-2021 16:54:07.030 [Gauge] [DEBUG] Spec file added / modified: C:\Users\testinium\IdeaProjects\odev2doruk\specs\AppiumOdev.spec
30-10-2021 16:54:07.163 [Gauge] [DEBUG] Spec file added / modified: C:\Users\testinium\IdeaProjects\odev2doruk\specs\AppiumOdev.spec
30-10-2021 16:54:07.291 [Gauge] [DEBUG] Spec file added / modified: C:\Users\testinium\IdeaProjects\odev2doruk\specs\AppiumOdev.spec
30-10-2021 16:54:11.922 [Gauge] [DEBUG] Concept file added / modified: C:\Users\testinium\IdeaProjects\odev2doruk\specs\Adımlar.cpt
30-10-2021 16:54:11.982 [Gauge] [DEBUG] Concept file added / modified: C:\Users\testinium\IdeaProjects\odev2doruk\specs\Adımlar.cpt
30-10-2021 16:54:21.456 [Gauge] [DEBUG] Api Request Received: messageType:GetStepValueRequest  messageId:4  stepValueRequest:{stepText:"Rastgele bir ürün seç ve sepete ekle"}
30-10-2021 16:54:21.457 [Gauge] [DEBUG] Sending API response: messageType:GetStepValueResponse  messageId:4  stepValueResponse:{stepValue:{stepValue:"Rastgele bir ürün seç ve sepete ekle"  parameterizedStepValue:"Rastgele bir ürün seç ve sepete ekle"}}
30-10-2021 16:54:23.139 [Gauge] [DEBUG] Api Request Received: messageType:GetStepValueRequest  messageId:4  stepValueRequest:{stepText:"Alışverişe Başla"}
30-10-2021 16:54:23.139 [Gauge] [DEBUG] Sending API response: messageType:GetStepValueResponse  messageId:4  stepValueResponse:{stepValue:{stepValue:"Alışverişe Başla"  parameterizedStepValue:"Alışverişe Başla"}}
30-10-2021 16:54:23.219 [Gauge] [DEBUG] Api Request Received: messageType:GetStepValueRequest  messageId:4  stepValueRequest:{stepText:"Kadın kategorisinde pantolon sayfasına git"}
30-10-2021 16:54:23.220 [Gauge] [DEBUG] Sending API response: messageType:GetStepValueResponse  messageId:4  stepValueResponse:{stepValue:{stepValue:"Kadın kategorisinde pantolon sayfasına git"  parameterizedStepValue:"Kadın kategorisinde pantolon sayfasına git"}}
30-10-2021 16:54:23.294 [Gauge] [DEBUG] Api Request Received: messageType:GetStepValueRequest  messageId:4  stepValueRequest:{stepText:"İki defa scroll et ve rastgele bir ürün seç"}
30-10-2021 16:54:23.294 [Gauge] [DEBUG] Sending API response: messageType:GetStepValueResponse  messageId:4  stepValueResponse:{stepValue:{stepValue:"İki defa scroll et ve rastgele bir ürün seç"  parameterizedStepValue:"İki defa scroll et ve rastgele bir ürün seç"}}
30-10-2021 16:54:23.342 [Gauge] [DEBUG] Api Request Received: messageType:GetStepValueRequest  messageId:4  stepValueRequest:{stepText:"Login sayfasında işlemleri yap"}
30-10-2021 16:54:23.343 [Gauge] [DEBUG] Sending API response: messageType:GetStepValueResponse  messageId:4  stepValueResponse:{stepValue:{stepValue:"Login sayfasında işlemleri yap"  parameterizedStepValue:"Login sayfasında işlemleri yap"}}
30-10-2021 16:54:23.422 [Gauge] [DEBUG] Api Request Received: messageType:GetStepValueRequest  messageId:4  stepValueRequest:{stepText:"İki defa geri git"}
30-10-2021 16:54:23.423 [Gauge] [DEBUG] Sending API response: messageType:GetStepValueResponse  messageId:4  stepValueResponse:{stepValue:{stepValue:"İki defa geri git"  parameterizedStepValue:"İki defa geri git"}}
30-10-2021 16:55:47.346 [Gauge] [DEBUG] Spec file added / modified: C:\Users\testinium\IdeaProjects\odev2doruk\specs\AppiumOdev.spec
30-10-2021 16:55:47.564 [Gauge] [DEBUG] Spec file added / modified: C:\Users\testinium\IdeaProjects\odev2doruk\specs\AppiumOdev.spec
30-10-2021 16:56:11.221 [Gauge] [DEBUG] Api Request Received: messageType:GetStepValueRequest  messageId:4  stepValueRequest:{stepText:"* \"2\" saniye bekle"}
30-10-2021 16:56:11.222 [Gauge] [DEBUG] Sending API response: messageType:GetStepValueResponse  messageId:4  stepValueResponse:{stepValue:{stepValue:"* {} saniye bekle"  parameterizedStepValue:"* <2> saniye bekle"  parameters:"2"}}
30-10-2021 16:56:11.224 [Gauge] [DEBUG] Api Request Received: messageType:GetStepValueRequest  messageId:4  stepValueRequest:{stepText:"* Açılış Sayfası Kontrol"}
30-10-2021 16:56:11.225 [Gauge] [DEBUG] Sending API response: messageType:GetStepValueResponse  messageId:4  stepValueResponse:{stepValue:{stepValue:"* Açılış Sayfası Kontrol"  parameterizedStepValue:"* Açılış Sayfası Kontrol"}}
30-10-2021 16:56:11.225 [Gauge] [DEBUG] Api Request Received: messageType:GetStepValueRequest  messageId:4  stepValueRequest:{stepText:"* \"com.ozdilek.ozdilekteyim:id/tv_startShoppingStore\" İd'li elemente tıkla"}
30-10-2021 16:56:11.225 [Gauge] [DEBUG] Sending API response: messageType:GetStepValueResponse  messageId:4  stepValueResponse:{stepValue:{stepValue:"* {} İd'li elemente tıkla"  parameterizedStepValue:"* <com.ozdilek.ozdilekteyim:id/tv_startShoppingStore> İd'li elemente tıkla"  parameters:"com.ozdilek.ozdilekteyim:id/tv_startShoppingStore"}}
30-10-2021 16:56:11.225 [Gauge] [DEBUG] Api Request Received: messageType:GetStepValueRequest  messageId:4  stepValueRequest:{stepText:"* \"1\" saniye bekle"}
30-10-2021 16:56:11.225 [Gauge] [DEBUG] Sending API response: messageType:GetStepValueResponse  messageId:4  stepValueResponse:{stepValue:{stepValue:"* {} saniye bekle"  parameterizedStepValue:"* <1> saniye bekle"  parameters:"1"}}
30-10-2021 16:56:11.225 [Gauge] [DEBUG] Api Request Received: messageType:GetStepValueRequest  messageId:4  stepValueRequest:{stepText:"* Alışveriş Sayfası Doğrula"}
30-10-2021 16:56:11.225 [Gauge] [DEBUG] Sending API response: messageType:GetStepValueResponse  messageId:4  stepValueResponse:{stepValue:{stepValue:"* Alışveriş Sayfası Doğrula"  parameterizedStepValue:"* Alışveriş Sayfası Doğrula"}}
30-10-2021 16:56:11.225 [Gauge] [DEBUG] Api Request Received: messageType:GetStepValueRequest  messageId:4  stepValueRequest:{stepText:"* \"com.ozdilek.ozdilekteyim:id/nav_categories\" İd'li elemente tıkla"}
30-10-2021 16:56:11.225 [Gauge] [DEBUG] Sending API response: messageType:GetStepValueResponse  messageId:4  stepValueResponse:{stepValue:{stepValue:"* {} İd'li elemente tıkla"  parameterizedStepValue:"* <com.ozdilek.ozdilekteyim:id/nav_categories> İd'li elemente tıkla"  parameters:"com.ozdilek.ozdilekteyim:id/nav_categories"}}
30-10-2021 16:56:11.226 [Gauge] [DEBUG] Api Request Received: messageType:GetStepValueRequest  messageId:4  stepValueRequest:{stepText:"* Kategori Sayfası Kontrol"}
30-10-2021 16:56:11.226 [Gauge] [DEBUG] Sending API response: messageType:GetStepValueResponse  messageId:4  stepValueResponse:{stepValue:{stepValue:"* Kategori Sayfası Kontrol"  parameterizedStepValue:"* Kategori Sayfası Kontrol"}}
30-10-2021 16:56:11.226 [Gauge] [DEBUG] Api Request Received: messageType:GetStepValueRequest  messageId:4  stepValueRequest:{stepText:"* \"//android.widget.RelativeLayout[@index=1]\" xpath'li elemente tıkla"}
30-10-2021 16:56:11.226 [Gauge] [DEBUG] Sending API response: messageType:GetStepValueResponse  messageId:4  stepValueResponse:{stepValue:{stepValue:"* {} xpath'li elemente tıkla"  parameterizedStepValue:"* <//android.widget.RelativeLayout[@index=1]> xpath'li elemente tıkla"  parameters:"//android.widget.RelativeLayout[@index=1]"}}
30-10-2021 16:56:11.226 [Gauge] [DEBUG] Api Request Received: messageType:GetStepValueRequest  messageId:4  stepValueRequest:{stepText:"* \"//android.widget.TextView[@text='Pantolon']\" xpath'li elemente tıkla"}
30-10-2021 16:56:11.226 [Gauge] [DEBUG] Sending API response: messageType:GetStepValueResponse  messageId:4  stepValueResponse:{stepValue:{stepValue:"* {} xpath'li elemente tıkla"  parameterizedStepValue:"* <//android.widget.TextView[@text='Pantolon']> xpath'li elemente tıkla"  parameters:"//android.widget.TextView[@text='Pantolon']"}}
30-10-2021 16:56:11.226 [Gauge] [DEBUG] Api Request Received: messageType:GetStepValueRequest  messageId:4  stepValueRequest:{stepText:"* sayfa boyunca scroll et"}
30-10-2021 16:56:11.227 [Gauge] [DEBUG] Sending API response: messageType:GetStepValueResponse  messageId:4  stepValueResponse:{stepValue:{stepValue:"* sayfa boyunca scroll et"  parameterizedStepValue:"* sayfa boyunca scroll et"}}
30-10-2021 16:56:11.227 [Gauge] [DEBUG] Api Request Received: messageType:GetStepValueRequest  messageId:4  stepValueRequest:{stepText:"* \"//android.widget.ImageView[@resource-id='com.ozdilek.ozdilekteyim:id/imageView']\" xpath'te bulunan sayfada görünen tüm ürünleri bul ve rastgele bir ürüne tıkla"}
30-10-2021 16:56:11.227 [Gauge] [DEBUG] Sending API response: messageType:GetStepValueResponse  messageId:4  stepValueResponse:{stepValue:{stepValue:"* {} xpath'te bulunan sayfada görünen tüm ürünleri bul ve rastgele bir ürüne tıkla"  parameterizedStepValue:"* <//android.widget.ImageView[@resource-id='com.ozdilek.ozdilekteyim:id/imageView']> xpath'te bulunan sayfada görünen tüm ürünleri bul ve rastgele bir ürüne tıkla"  parameters:"//android.widget.ImageView[@resource-id='com.ozdilek.ozdilekteyim:id/imageView']"}}
30-10-2021 16:56:11.227 [Gauge] [DEBUG] Api Request Received: messageType:GetStepValueRequest  messageId:4  stepValueRequest:{stepText:"* Product detail sayfası doğrulama"}
30-10-2021 16:56:11.227 [Gauge] [DEBUG] Sending API response: messageType:GetStepValueResponse  messageId:4  stepValueResponse:{stepValue:{stepValue:"* Product detail sayfası doğrulama"  parameterizedStepValue:"* Product detail sayfası doğrulama"}}
30-10-2021 16:56:11.227 [Gauge] [DEBUG] Api Request Received: messageType:GetStepValueRequest  messageId:4  stepValueRequest:{stepText:"* \"com.ozdilek.ozdilekteyim:id/imgFav\" İd'li elemente tıkla"}
30-10-2021 16:56:11.227 [Gauge] [DEBUG] Sending API response: messageType:GetStepValueResponse  messageId:4  stepValueResponse:{stepValue:{stepValue:"* {} İd'li elemente tıkla"  parameterizedStepValue:"* <com.ozdilek.ozdilekteyim:id/imgFav> İd'li elemente tıkla"  parameters:"com.ozdilek.ozdilekteyim:id/imgFav"}}
30-10-2021 16:56:11.227 [Gauge] [DEBUG] Api Request Received: messageType:GetStepValueRequest  messageId:4  stepValueRequest:{stepText:"* Login page doğrulama"}
30-10-2021 16:56:11.227 [Gauge] [DEBUG] Sending API response: messageType:GetStepValueResponse  messageId:4  stepValueResponse:{stepValue:{stepValue:"* Login page doğrulama"  parameterizedStepValue:"* Login page doğrulama"}}
30-10-2021 16:56:11.228 [Gauge] [DEBUG] Api Request Received: messageType:GetStepValueRequest  messageId:4  stepValueRequest:{stepText:"* \"com.ozdilek.ozdilekteyim:id/etEposta\" İd'li elemente \"text\" değerini yaz"}
30-10-2021 16:56:11.228 [Gauge] [DEBUG] Sending API response: messageType:GetStepValueResponse  messageId:4  stepValueResponse:{stepValue:{stepValue:"* {} İd'li elemente {} değerini yaz"  parameterizedStepValue:"* <com.ozdilek.ozdilekteyim:id/etEposta> İd'li elemente <text> değerini yaz"  parameters:"com.ozdilek.ozdilekteyim:id/etEposta"  parameters:"text"}}
30-10-2021 16:56:11.228 [Gauge] [DEBUG] Api Request Received: messageType:GetStepValueRequest  messageId:4  stepValueRequest:{stepText:"* \"com.ozdilek.ozdilekteyim:id/etPassword\" İd'li elemente \"sifre\" değerini yaz"}
30-10-2021 16:56:11.228 [Gauge] [DEBUG] Sending API response: messageType:GetStepValueResponse  messageId:4  stepValueResponse:{stepValue:{stepValue:"* {} İd'li elemente {} değerini yaz"  parameterizedStepValue:"* <com.ozdilek.ozdilekteyim:id/etPassword> İd'li elemente <sifre> değerini yaz"  parameters:"com.ozdilek.ozdilekteyim:id/etPassword"  parameters:"sifre"}}
30-10-2021 16:56:11.229 [Gauge] [DEBUG] Api Request Received: messageType:GetStepValueRequest  messageId:4  stepValueRequest:{stepText:"* \"com.ozdilek.ozdilekteyim:id/ivBack\" İd'li elemente tıkla"}
30-10-2021 16:56:11.229 [Gauge] [DEBUG] Sending API response: messageType:GetStepValueResponse  messageId:4  stepValueResponse:{stepValue:{stepValue:"* {} İd'li elemente tıkla"  parameterizedStepValue:"* <com.ozdilek.ozdilekteyim:id/ivBack> İd'li elemente tıkla"  parameters:"com.ozdilek.ozdilekteyim:id/ivBack"}}
30-10-2021 16:56:11.229 [Gauge] [DEBUG] Api Request Received: messageType:GetStepValueRequest  messageId:4  stepValueRequest:{stepText:"* Sepete ekle"}
30-10-2021 16:56:11.230 [Gauge] [DEBUG] Sending API response: messageType:GetStepValueResponse  messageId:4  stepValueResponse:{stepValue:{stepValue:"* Sepete ekle"  parameterizedStepValue:"* Sepete ekle"}}
30-10-2021 16:56:11.230 [Gauge] [DEBUG] Api Request Received: messageType:GetStepValueRequest  messageId:4  stepValueRequest:{stepText:"* \"3\" saniye bekle"}
30-10-2021 16:56:11.230 [Gauge] [DEBUG] Sending API response: messageType:GetStepValueResponse  messageId:4  stepValueResponse:{stepValue:{stepValue:"* {} saniye bekle"  parameterizedStepValue:"* <3> saniye bekle"  parameters:"3"}}
30-10-2021 17:02:17.951 [Gauge] [DEBUG] Api Request Received: messageType:GetStepValueRequest  messageId:4  stepValueRequest:{stepText:"<time> saniye bekle"}
30-10-2021 17:02:17.973 [Gauge] [DEBUG] Sending API response: messageType:GetStepValueResponse  messageId:4  stepValueResponse:{stepValue:{stepValue:"{} saniye bekle"  parameterizedStepValue:"<time> saniye bekle"  parameters:"time"}}
30-10-2021 17:02:17.991 [Gauge] [DEBUG] Api Request Received: messageType:GetStepValueRequest  messageId:4  stepValueRequest:{stepText:"<Key> İd'li elemente tıkla"}
30-10-2021 17:02:17.992 [Gauge] [DEBUG] Sending API response: messageType:GetStepValueResponse  messageId:4  stepValueResponse:{stepValue:{stepValue:"{} İd'li elemente tıkla"  parameterizedStepValue:"<Key> İd'li elemente tıkla"  parameters:"Key"}}
30-10-2021 17:02:18.005 [Gauge] [DEBUG] Api Request Received: messageType:GetStepValueRequest  messageId:4  stepValueRequest:{stepText:"<Key> İd'li elemente <keywordc> değerini yaz"}
30-10-2021 17:02:18.005 [Gauge] [DEBUG] Sending API response: messageType:GetStepValueResponse  messageId:4  stepValueResponse:{stepValue:{stepValue:"{} İd'li elemente {} değerini yaz"  parameterizedStepValue:"<Key> İd'li elemente <keywordc> değerini yaz"  parameters:"Key"  parameters:"keywordc"}}
30-10-2021 17:02:18.037 [Gauge] [DEBUG] Api Request Received: messageType:GetStepValueRequest  messageId:4  stepValueRequest:{stepText:"<Key> xpath'li elemente tıkla"}
30-10-2021 17:02:18.040 [Gauge] [DEBUG] Sending API response: messageType:GetStepValueResponse  messageId:4  stepValueResponse:{stepValue:{stepValue:"{} xpath'li elemente tıkla"  parameterizedStepValue:"<Key> xpath'li elemente tıkla"  parameters:"Key"}}
30-10-2021 17:02:18.072 [Gauge] [DEBUG] Api Request Received: messageType:GetStepValueRequest  messageId:4  stepValueRequest:{stepText:"<Key> xpath'te bulunan sayfada görünen tüm ürünleri bul ve rastgele bir ürüne tıkla"}
30-10-2021 17:02:18.072 [Gauge] [DEBUG] Sending API response: messageType:GetStepValueResponse  messageId:4  stepValueResponse:{stepValue:{stepValue:"{} xpath'te bulunan sayfada görünen tüm ürünleri bul ve rastgele bir ürüne tıkla"  parameterizedStepValue:"<Key> xpath'te bulunan sayfada görünen tüm ürünleri bul ve rastgele bir ürüne tıkla"  parameters:"Key"}}
